Release 14.2 - xst P.28xd (nt64)
Copyright (c) 1995-2012 Xilinx, Inc.  All rights reserved.
--> Parameter TMPDIR set to xst/projnav.tmp


Total REAL time to Xst completion: 0.00 secs
Total CPU time to Xst completion: 0.07 secs
 
--> Parameter xsthdpdir set to xst


Total REAL time to Xst completion: 0.00 secs
Total CPU time to Xst completion: 0.07 secs
 
--> Reading design: and3_kapisi.prj

TABLE OF CONTENTS
  1) Synthesis Options Summary
  2) HDL Parsing
  3) HDL Elaboration
  4) HDL Synthesis
       4.1) HDL Synthesis Report
  5) Advanced HDL Synthesis
       5.1) Advanced HDL Synthesis Report
  6) Low Level Synthesis
  7) Partition Report
  8) Design Summary
       8.1) Primitive and Black Box Usage
       8.2) Device utilization summary
       8.3) Partition Resource Summary
       8.4) Timing Report
            8.4.1) Clock Information
            8.4.2) Asynchronous Control Signals Information
            8.4.3) Timing Summary
            8.4.4) Timing Details
            8.4.5) Cross Clock Domains Report


=========================================================================
*                      Synthesis Options Summary                        *
=========================================================================
---- Source Parameters
Input File Name                    : "and3_kapisi.prj"
Ignore Synthesis Constraint File   : NO

---- Target Parameters
Output File Name                   : "and3_kapisi"
Output Format                      : NGC
Target Device                      : xa7a100t-2I-csg324

---- Source Options
Top Module Name                    : and3_kapisi
Automatic FSM Extraction           : YES
FSM Encoding Algorithm             : Auto
Safe Implementation                : No
FSM Style                          : LUT
RAM Extraction                     : Yes
RAM Style                          : Auto
ROM Extraction                     : Yes
Shift Register Extraction          : YES
ROM Style                          : Auto
Resource Sharing                   : YES
Asynchronous To Synchronous        : NO
Shift Register Minimum Size        : 2
Use DSP Block                      : Auto
Automatic Register Balancing       : No

---- Target Options
LUT Combining                      : Auto
Reduce Control Sets                : Auto
Add IO Buffers                     : YES
Global Maximum Fanout              : 100000
Add Generic Clock Buffer(BUFG)     : 32
Register Duplication               : YES
Optimize Instantiated Primitives   : NO
Use Clock Enable                   : Auto
Use Synchronous Set                : Auto
Use Synchronous Reset              : Auto
Pack IO Registers into IOBs        : Auto
Equivalent register Removal        : YES

---- General Options
Optimization Goal                  : Speed
Optimization Effort                : 1
Power Reduction                    : NO
Keep Hierarchy                     : No
Netlist Hierarchy                  : As_Optimized
RTL Output                         : Yes
Global Optimization                : AllClockNets
Read Cores                         : YES
Write Timing Constraints           : NO
Cross Clock Analysis               : NO
Hierarchy Separator                : /
Bus Delimiter                      : <>
Case Specifier                     : Maintain
Slice Utilization Ratio            : 100
BRAM Utilization Ratio             : 100
DSP48 Utilization Ratio            : 100
Auto BRAM Packing                  : NO
Slice Utilization Ratio Delta      : 5

=========================================================================


=========================================================================
*                          HDL Parsing                                  *
=========================================================================
Parsing VHDL file "F:\Lab1\lab1.vhd" into library work
Parsing entity <and3_kapisi>.
Parsing architecture <Behavioral> of entity <and3_kapisi>.
Parsing entity <not_kapisi>.
ERROR:HDLCompiler:69 - "F:\Lab1\lab1.vhd" Line 28: <not_cikis> is not declared.
ERROR:HDLCompiler:806 - "F:\Lab1\lab1.vhd" Line 28: Syntax error near ":".
Parsing architecture <Behavioral> of entity <not_kapisi>.
ERROR:HDLCompiler:374 - "F:\Lab1\lab1.vhd" Line 30: Entity <not_kapisi> is not yet compiled.
ERROR:HDLCompiler:69 - "F:\Lab1\lab1.vhd" Line 34: <not_cikis> is not declared.
ERROR:HDLCompiler:69 - "F:\Lab1\lab1.vhd" Line 32: <not_g1> is not declared.
Parsing entity <Decoder2_4>.
ERROR:HDLCompiler:854 - "F:\Lab1\lab1.vhd" Line 41: Unit <decoder2_4> ignored due to previous errors.
Parsing architecture <Behavioral> of entity <decoder2_4>.
ERROR:HDLCompiler:374 - "F:\Lab1\lab1.vhd" Line 47: Entity <decoder2_4> is not yet compiled.
ERROR:HDLCompiler:69 - "F:\Lab1\lab1.vhd" Line 49: <std_logic> is not declared.
ERROR:HDLCompiler:69 - "F:\Lab1\lab1.vhd" Line 50: <std_logic> is not declared.
ERROR:HDLCompiler:69 - "F:\Lab1\lab1.vhd" Line 54: <std_logic> is not declared.
ERROR:HDLCompiler:69 - "F:\Lab1\lab1.vhd" Line 55: <std_logic> is not declared.
ERROR:HDLCompiler:69 - "F:\Lab1\lab1.vhd" Line 56: <std_logic> is not declared.
ERROR:HDLCompiler:69 - "F:\Lab1\lab1.vhd" Line 57: <std_logic> is not declared.
ERROR:HDLCompiler:69 - "F:\Lab1\lab1.vhd" Line 60: <std_logic> is not declared.
ERROR:HDLCompiler:69 - "F:\Lab1\lab1.vhd" Line 61: <std_logic> is not declared.
ERROR:HDLCompiler:69 - "F:\Lab1\lab1.vhd" Line 64: <x1> is not declared.
ERROR:HDLCompiler:192 - "F:\Lab1\lab1.vhd" Line 64: Actual of formal out port not_cikis cannot be an expression
ERROR:HDLCompiler:69 - "F:\Lab1\lab1.vhd" Line 65: <x0> is not declared.
ERROR:HDLCompiler:192 - "F:\Lab1\lab1.vhd" Line 65: Actual of formal out port not_cikis cannot be an expression
Sorry, too many errors..
--> 

Total memory usage is 4483756 kilobytes

Number of errors   :   19 (   0 filtered)
Number of warnings :    0 (   0 filtered)
Number of infos    :    0 (   0 filtered)

