--------------------------------------------------------------------------------
Release 14.2 Trace  (nt64)
Copyright (c) 1995-2012 Xilinx, Inc.  All rights reserved.

C:\Xilinx\14.2\ISE_DS\ISE\bin\nt64\unwrapped\trce.exe -intstyle ise -v 3 -s 2I
-n 3 -fastpaths -xml devre2.twx devre2.ncd -o devre2.twr devre2.pcf

Design file:              devre2.ncd
Physical constraint file: devre2.pcf
Device,package,speed:     xa7a100t,csg324,I,-2I (ADVANCED 1.02 2012-07-09)
Report level:             verbose report

Environment Variable      Effect 
--------------------      ------ 
NONE                      No environment variables were set
--------------------------------------------------------------------------------

INFO:Timing:2698 - No timing constraints found, doing default enumeration.
INFO:Timing:3412 - To improve timing, see the Timing Closure User Guide (UG612).
INFO:Timing:2752 - To get complete path coverage, use the unconstrained paths 
   option. All paths that are not constrained will be reported in the 
   unconstrained paths section(s) of the report.
INFO:Timing:3339 - The clock-to-out numbers in this timing report are based on 
   a 50 Ohm transmission line loading model.  For the details of this model, 
   and for more information on accounting for different loading conditions, 
   please see the device datasheet.



Data Sheet report:
-----------------
All values displayed in nanoseconds (ns)

Pad to Pad
---------------+---------------+---------+
Source Pad     |Destination Pad|  Delay  |
---------------+---------------+---------+
En             |z<0>           |    6.611|
En             |z<1>           |    6.899|
t2             |z<0>           |    6.266|
t2             |z<1>           |    6.543|
---------------+---------------+---------+


Analysis completed Thu Oct 31 15:41:15 2019 
--------------------------------------------------------------------------------

Trace Settings:
-------------------------
Trace Settings 

Peak Memory Usage: 4945 MB



