--------------------------------------------------------------------------------
Release 14.2 Trace  (nt64)
Copyright (c) 1995-2012 Xilinx, Inc.  All rights reserved.

C:\Xilinx\14.2\ISE_DS\ISE\bin\nt64\unwrapped\trce.exe -intstyle ise -v 3 -s 2I
-n 3 -fastpaths -xml GENEL.twx GENEL.ncd -o GENEL.twr GENEL.pcf

Design file:              GENEL.ncd
Physical constraint file: GENEL.pcf
Device,package,speed:     xa7a100t,csg324,I,-2I (ADVANCED 1.02 2012-07-09)
Report level:             verbose report

Environment Variable      Effect 
--------------------      ------ 
NONE                      No environment variables were set
--------------------------------------------------------------------------------

INFO:Timing:2698 - No timing constraints found, doing default enumeration.
INFO:Timing:3412 - To improve timing, see the Timing Closure User Guide (UG612).
INFO:Timing:2752 - To get complete path coverage, use the unconstrained paths 
   option. All paths that are not constrained will be reported in the 
   unconstrained paths section(s) of the report.
INFO:Timing:3339 - The clock-to-out numbers in this timing report are based on 
   a 50 Ohm transmission line loading model.  For the details of this model, 
   and for more information on accounting for different loading conditions, 
   please see the device datasheet.



Data Sheet report:
-----------------
All values displayed in nanoseconds (ns)

Pad to Pad
---------------+---------------+---------+
Source Pad     |Destination Pad|  Delay  |
---------------+---------------+---------+
E              |x<0>           |    6.710|
E              |x<1>           |    6.907|
E              |x<2>           |    6.909|
E              |x<3>           |    6.656|
E              |x<4>           |    6.846|
E              |x<5>           |    7.013|
E              |x<6>           |    6.971|
E              |x<7>           |    6.731|
t0             |x<0>           |    6.872|
t0             |x<1>           |    7.073|
t0             |x<2>           |    7.069|
t0             |x<3>           |    6.823|
t0             |x<4>           |    6.853|
t0             |x<5>           |    7.020|
t0             |x<6>           |    6.983|
t0             |x<7>           |    6.735|
t1             |x<0>           |    6.458|
t1             |x<1>           |    6.652|
t1             |x<2>           |    6.639|
t1             |x<3>           |    6.419|
t1             |x<4>           |    6.645|
t1             |x<5>           |    6.822|
t1             |x<6>           |    6.780|
t1             |x<7>           |    6.530|
t2             |x<0>           |    7.082|
t2             |x<1>           |    7.273|
t2             |x<2>           |    7.274|
t2             |x<3>           |    7.029|
t2             |x<4>           |    6.755|
t2             |x<5>           |    6.932|
t2             |x<6>           |    6.889|
t2             |x<7>           |    6.641|
---------------+---------------+---------+


Analysis completed Thu Oct 31 17:13:51 2019 
--------------------------------------------------------------------------------

Trace Settings:
-------------------------
Trace Settings 

Peak Memory Usage: 4945 MB



