Release 14.2 - xst P.28xd (nt64)
Copyright (c) 1995-2012 Xilinx, Inc.  All rights reserved.
--> Parameter TMPDIR set to xst/projnav.tmp


Total REAL time to Xst completion: 0.00 secs
Total CPU time to Xst completion: 0.14 secs
 
--> Parameter xsthdpdir set to xst


Total REAL time to Xst completion: 0.00 secs
Total CPU time to Xst completion: 0.14 secs
 
--> Reading design: devre.prj

TABLE OF CONTENTS
  1) Synthesis Options Summary
  2) HDL Compilation
  3) Design Hierarchy Analysis
  4) HDL Analysis
  5) HDL Synthesis
     5.1) HDL Synthesis Report
  6) Advanced HDL Synthesis
     6.1) Advanced HDL Synthesis Report
  7) Low Level Synthesis
  8) Partition Report
  9) Final Report
	9.1) Device utilization summary
	9.2) Partition Resource Summary
	9.3) TIMING REPORT


=========================================================================
*                      Synthesis Options Summary                        *
=========================================================================
---- Source Parameters
Input File Name                    : "devre.prj"
Input Format                       : mixed
Ignore Synthesis Constraint File   : NO

---- Target Parameters
Output File Name                   : "devre"
Output Format                      : NGC
Target Device                      : xc3s500e-4-fg320

---- Source Options
Top Module Name                    : devre
Automatic FSM Extraction           : YES
FSM Encoding Algorithm             : Auto
Safe Implementation                : No
FSM Style                          : LUT
RAM Extraction                     : Yes
RAM Style                          : Auto
ROM Extraction                     : Yes
Mux Style                          : Auto
Decoder Extraction                 : YES
Priority Encoder Extraction        : Yes
Shift Register Extraction          : YES
Logical Shifter Extraction         : YES
XOR Collapsing                     : YES
ROM Style                          : Auto
Mux Extraction                     : Yes
Resource Sharing                   : YES
Asynchronous To Synchronous        : NO
Multiplier Style                   : Auto
Automatic Register Balancing       : No

---- Target Options
Add IO Buffers                     : YES
Global Maximum Fanout              : 500
Add Generic Clock Buffer(BUFG)     : 24
Register Duplication               : YES
Slice Packing                      : YES
Optimize Instantiated Primitives   : NO
Use Clock Enable                   : Yes
Use Synchronous Set                : Yes
Use Synchronous Reset              : Yes
Pack IO Registers into IOBs        : Auto
Equivalent register Removal        : YES

---- General Options
Optimization Goal                  : Speed
Optimization Effort                : 1
Keep Hierarchy                     : No
Netlist Hierarchy                  : As_Optimized
RTL Output                         : Yes
Global Optimization                : AllClockNets
Read Cores                         : YES
Write Timing Constraints           : NO
Cross Clock Analysis               : NO
Hierarchy Separator                : /
Bus Delimiter                      : <>
Case Specifier                     : Maintain
Slice Utilization Ratio            : 100
BRAM Utilization Ratio             : 100
Verilog 2001                       : YES
Auto BRAM Packing                  : NO
Slice Utilization Ratio Delta      : 5

=========================================================================


=========================================================================
*                          HDL Compilation                              *
=========================================================================
Compiling vhdl file "D:/Bot lab/geneldevre/devre.vhd" in Library work.
Entity <ve_kapisi> compiled.
Entity <ve_kapisi> (Architecture <veri_akisi>) compiled.
Entity <veya_kapisi> compiled.
Entity <veya_kapisi> (Architecture <veri_akisi>) compiled.
Entity <xor_kapisi> compiled.
Entity <xor_kapisi> (Architecture <veri_akisi>) compiled.
Entity <yt> compiled.
Entity <yt> (Architecture <yapisal>) compiled.
Entity <tt> compiled.
Entity <tt> (Architecture <yapisal>) compiled.
Entity <devre> compiled.
Entity <devre> (Architecture <Behavioral>) compiled.

=========================================================================
*                     Design Hierarchy Analysis                         *
=========================================================================
Analyzing hierarchy for entity <devre> in library <work> (architecture <Behavioral>).

Analyzing hierarchy for entity <XOR_KAPISI> in library <work> (architecture <veri_akisi>).

Analyzing hierarchy for entity <TT> in library <work> (architecture <yapisal>).

Analyzing hierarchy for entity <YT> in library <work> (architecture <yapisal>).

Analyzing hierarchy for entity <VEYA_KAPISI> in library <work> (architecture <veri_akisi>).

Analyzing hierarchy for entity <XOR_KAPISI> in library <work> (architecture <veri_akisi>).

Analyzing hierarchy for entity <VE_KAPISI> in library <work> (architecture <veri_akisi>).


=========================================================================
*                            HDL Analysis                               *
=========================================================================
Analyzing Entity <devre> in library <work> (Architecture <Behavioral>).
Entity <devre> analyzed. Unit <devre> generated.

Analyzing Entity <XOR_KAPISI> in library <work> (Architecture <veri_akisi>).
Entity <XOR_KAPISI> analyzed. Unit <XOR_KAPISI> generated.

Analyzing Entity <TT> in library <work> (Architecture <yapisal>).
Entity <TT> analyzed. Unit <TT> generated.

Analyzing Entity <YT> in library <work> (Architecture <yapisal>).
Entity <YT> analyzed. Unit <YT> generated.

Analyzing Entity <VE_KAPISI> in library <work> (Architecture <veri_akisi>).
Entity <VE_KAPISI> analyzed. Unit <VE_KAPISI> generated.

Analyzing Entity <VEYA_KAPISI> in library <work> (Architecture <veri_akisi>).
Entity <VEYA_KAPISI> analyzed. Unit <VEYA_KAPISI> generated.


=========================================================================
*                           HDL Synthesis                               *
=========================================================================

Performing bidirectional port resolution...

Synthesizing Unit <XOR_KAPISI>.
    Related source file is "D:/Bot lab/geneldevre/devre.vhd".
    Found 1-bit xor2 for signal <xor_cikis>.
Unit <XOR_KAPISI> synthesized.


Synthesizing Unit <VEYA_KAPISI>.
    Related source file is "D:/Bot lab/geneldevre/devre.vhd".
Unit <VEYA_KAPISI> synthesized.


Synthesizing Unit <VE_KAPISI>.
    Related source file is "D:/Bot lab/geneldevre/devre.vhd".
Unit <VE_KAPISI> synthesized.


Synthesizing Unit <YT>.
    Related source file is "D:/Bot lab/geneldevre/devre.vhd".
Unit <YT> synthesized.


Synthesizing Unit <TT>.
    Related source file is "D:/Bot lab/geneldevre/devre.vhd".
Unit <TT> synthesized.


Synthesizing Unit <devre>.
    Related source file is "D:/Bot lab/geneldevre/devre.vhd".
Unit <devre> synthesized.


=========================================================================
HDL Synthesis Report

Macro Statistics
# Xors                                                 : 12
 1-bit xor2                                            : 12

=========================================================================

=========================================================================
*                       Advanced HDL Synthesis                          *
=========================================================================


=========================================================================
Advanced HDL Synthesis Report

Macro Statistics
# Xors                                                 : 12
 1-bit xor2                                            : 12

=========================================================================

=========================================================================
*                         Low Level Synthesis                           *
=========================================================================

Optimizing unit <devre> ...

Mapping all equations...
Building and optimizing final netlist ...
Found area constraint ratio of 100 (+ 5) on block devre, actual ratio is 0.

Final Macro Processing ...

=========================================================================
Final Register Report

Found no macro
=========================================================================

=========================================================================
*                           Partition Report                            *
=========================================================================

Partition Implementation Status
-------------------------------

  No Partitions were found in this design.

-------------------------------

=========================================================================
*                            Final Report                               *
=========================================================================
Final Results
RTL Top Level Output File Name     : devre.ngr
Top Level Output File Name         : devre
Output Format                      : NGC
Optimization Goal                  : Speed
Keep Hierarchy                     : No

Design Statistics
# IOs                              : 14

Cell Usage :
# BELS                             : 8
#      LUT2                        : 1
#      LUT3                        : 1
#      LUT4                        : 6
# IO Buffers                       : 14
#      IBUF                        : 9
#      OBUF                        : 5
=========================================================================

Device utilization summary:
---------------------------

Selected Device : 3s500efg320-4 

 Number of Slices:                        4  out of   4656     0%  
 Number of 4 input LUTs:                  8  out of   9312     0%  
 Number of IOs:                          14
 Number of bonded IOBs:                  14  out of    232     6%  

---------------------------
Partition Resource Summary:
---------------------------

  No Partitions were found in this design.

---------------------------


=========================================================================
TIMING REPORT

NOTE: THESE TIMING NUMBERS ARE ONLY A SYNTHESIS ESTIMATE.
      FOR ACCURATE TIMING INFORMATION PLEASE REFER TO THE TRACE REPORT
      GENERATED AFTER PLACE-and-ROUTE.

Clock Information:
------------------
No clock signals found in this design

Asynchronous Control Signals Information:
----------------------------------------
No asynchronous control signals found in this design

Timing Summary:
---------------
Speed Grade: -4

   Minimum period: No path found
   Minimum input arrival time before clock: No path found
   Maximum output required time after clock: No path found
   Maximum combinational path delay: 9.941ns

Timing Detail:
--------------
All values displayed in nanoseconds (ns)

=========================================================================
Timing constraint: Default path analysis
  Total number of paths / destination ports: 41 / 5
-------------------------------------------------------------------------
Delay:               9.941ns (Levels of Logic = 6)
  Source:            X (PAD)
  Destination:       S<3> (PAD)

  Data Path: X to S<3>
                                Gate     Net
    Cell:in->out      fanout   Delay   Delay  Logical Name (Net Name)
    ----------------------------------------  ------------
     IBUF:I->O             7   1.218   0.787  X_IBUF (X_IBUF)
     LUT3:I1->O            2   0.704   0.451  blok5/blok3/veya_cikis1 (arakablo5)
     LUT4:I3->O            2   0.704   0.451  blok6/blok3/veya_cikis1 (arakablo6)
     LUT4:I3->O            2   0.704   0.526  blok7/blok3/veya_cikis1 (arakablo7)
     LUT4:I1->O            1   0.704   0.420  blok8/blok2/blok1/Mxor_xor_cikis_Result1 (S_3_OBUF)
     OBUF:I->O                 3.272          S_3_OBUF (S<3>)
    ----------------------------------------
    Total                      9.941ns (7.306ns logic, 2.635ns route)
                                       (73.5% logic, 26.5% route)

=========================================================================


Total REAL time to Xst completion: 8.00 secs
Total CPU time to Xst completion: 8.34 secs
 
--> 

Total memory usage is 4502708 kilobytes

Number of errors   :    0 (   0 filtered)
Number of warnings :    0 (   0 filtered)
Number of infos    :    0 (   0 filtered)

