Running: C:\Xilinx\14.2\ISE_DS\ISE\bin\nt64\unwrapped\fuse.exe -intstyle ise -incremental -o D:/Bot lab/geneldevre/devre_isim_beh.exe -prj D:/Bot lab/geneldevre/devre_beh.prj work.devre 
ISim P.28xd (signature 0xa0883be4)
Number of CPUs detected in this system: 4
Turning on mult-threading, number of parallel sub-compilation jobs: 8 
Determining compilation order of HDL files
Parsing VHDL file "D:/Bot lab/geneldevre/devre.vhd" into library work
Starting static elaboration
Completed static elaboration
Compiling package standard
Compiling package std_logic_1164
Compiling architecture veri_akisi of entity XOR_KAPISI [xor_kapisi_default]
Compiling architecture veri_akisi of entity VE_KAPISI [ve_kapisi_default]
Compiling architecture yapisal of entity YT [yt_default]
Compiling architecture veri_akisi of entity VEYA_KAPISI [veya_kapisi_default]
Compiling architecture yapisal of entity TT [tt_default]
Compiling architecture behavioral of entity devre
Time Resolution for simulation is 1ps.
Waiting for 1 sub-compilation(s) to finish...
Compiled 13 VHDL Units
Built simulation executable D:/Bot lab/geneldevre/devre_isim_beh.exe
Fuse Memory Usage: 30056 KB
Fuse CPU Usage: 343 ms
